<?xml version="1.0" encoding="UTF-8"?>
<testsuite name="com.juanmaya.runner.automationpractice.contactus.ContactUsFormRunner" tests="0" skipped="0" failures="0" errors="0" timestamp="1970-01-01T00:00:00" hostname="juan-Forward-Unto-Dawn" time="0.0">
  <properties/>
  <system-out><![CDATA[
?[31mFailed scenarios:?[0m
?[31mfile:///home/juan/Escritorio/QASofkaWorkspace/RetoSerenityScreenplay/src/test/resources/features/automationpractice/contactUs.feature:6?[0m# enviar un mensaje al area de soporte con los campos requeridos

1 Scenarios (?[31m1 failed?[0m)
3 Steps (?[31m1 failed?[0m, ?[36m1 skipped?[0m, ?[32m1 passed?[0m)
0m7,280s


java.lang.NullPointerException
	at net.serenitybdd.screenplay.InstrumentedTask.isInstrumented(InstrumentedTask.java:74)
	at net.serenitybdd.screenplay.Actor.shouldNotReport(Actor.java:189)
	at net.serenitybdd.screenplay.Actor.attemptsTo(Actor.java:172)
	at com.juanmaya.tasks.automationpractice.contactform.FillContactForm.performAs(FillContactForm.java:30)
	at com.juanmaya.tasks.automationpractice.contactform.FillContactForm$ByteBuddy$0Ewk0Zxr.performAs$accessor$g8kHXqfB(Unknown Source)
	at sun.reflect.NativeMethodAccessorImpl.invoke0(Native Method)
	at sun.reflect.NativeMethodAccessorImpl.invoke(NativeMethodAccessorImpl.java:62)
	at sun.reflect.DelegatingMethodAccessorImpl.invoke(DelegatingMethodAccessorImpl.java:43)
	at java.lang.reflect.Method.invoke(Method.java:498)
	at net.thucydides.core.steps.StepInterceptor.invokeMethod(StepInterceptor.java:488)
	at net.thucydides.core.steps.StepInterceptor.executeTestStepMethod(StepInterceptor.java:468)
	at net.thucydides.core.steps.StepInterceptor.runTestStep(StepInterceptor.java:441)
	at net.thucydides.core.steps.StepInterceptor.runOrSkipMethod(StepInterceptor.java:197)
	at net.thucydides.core.steps.StepInterceptor.testStepResult(StepInterceptor.java:184)
	at net.thucydides.core.steps.StepInterceptor.intercept(StepInterceptor.java:77)
	at net.thucydides.core.steps.ProxyConfiguration$InterceptorDispatcher.intercept(ProxyConfiguration.java:51)
	at com.juanmaya.tasks.automationpractice.contactform.FillContactForm$ByteBuddy$0Ewk0Zxr.performAs(Unknown Source)
	at net.serenitybdd.screenplay.Actor.performTask(Actor.java:248)
	at net.serenitybdd.screenplay.Actor.perform(Actor.java:229)
	at net.serenitybdd.screenplay.Actor.attemptsTo(Actor.java:175)
	at com.juanmaya.stepdefinitions.automationpractice.contactus.ContactUsFormStepDefinition.elSeDesplazaAlFormularioDeSoporteYLlenaLosDatosRequeridos(ContactUsFormStepDefinition.java:33)
	at ✽.El se desplaza al formulario de soporte y llena los datos requeridos(file:///home/juan/Escritorio/QASofkaWorkspace/RetoSerenityScreenplay/src/test/resources/features/automationpractice/contactUs.feature:8)


]]></system-out>
  <system-err><![CDATA[SLF4J: Failed to load class "org.slf4j.impl.StaticLoggerBinder".
SLF4J: Defaulting to no-operation (NOP) logger implementation
SLF4J: See http://www.slf4j.org/codes.html#StaticLoggerBinder for further details.
log4j:WARN No appenders could be found for logger (freemarker.cache).
log4j:WARN Please initialize the log4j system properly.
log4j:WARN See http://logging.apache.org/log4j/1.2/faq.html#noconfig for more info.
]]></system-err>
</testsuite>
